{"total": {"lines":{"total":489,"covered":487,"skipped":0,"pct":99.59},"statements":{"total":489,"covered":487,"skipped":0,"pct":99.59},"functions":{"total":37,"covered":37,"skipped":0,"pct":100},"branches":{"total":132,"covered":120,"skipped":0,"pct":90.9},"branchesTrue":{"total":0,"covered":0,"skipped":0,"pct":100}}
,"C:\\Users\\USER\\Documents\\movil-dev\\Movil-Dev\\frontend\\src\\api\\axiosClient.js": {"lines":{"total":73,"covered":71,"skipped":0,"pct":97.26},"functions":{"total":2,"covered":2,"skipped":0,"pct":100},"statements":{"total":73,"covered":71,"skipped":0,"pct":97.26},"branches":{"total":29,"covered":27,"skipped":0,"pct":93.1}}
,"C:\\Users\\USER\\Documents\\movil-dev\\Movil-Dev\\frontend\\src\\api\\mappers\\productMapper.js": {"lines":{"total":167,"covered":167,"skipped":0,"pct":100},"functions":{"total":5,"covered":5,"skipped":0,"pct":100},"statements":{"total":167,"covered":167,"skipped":0,"pct":100},"branches":{"total":45,"covered":37,"skipped":0,"pct":82.22}}
,"C:\\Users\\USER\\Documents\\movil-dev\\Movil-Dev\\frontend\\src\\api\\services\\cartService.js": {"lines":{"total":41,"covered":41,"skipped":0,"pct":100},"functions":{"total":7,"covered":7,"skipped":0,"pct":100},"statements":{"total":41,"covered":41,"skipped":0,"pct":100},"branches":{"total":7,"covered":7,"skipped":0,"pct":100}}
,"C:\\Users\\USER\\Documents\\movil-dev\\Movil-Dev\\frontend\\src\\api\\services\\productsService.js": {"lines":{"total":51,"covered":51,"skipped":0,"pct":100},"functions":{"total":7,"covered":7,"skipped":0,"pct":100},"statements":{"total":51,"covered":51,"skipped":0,"pct":100},"branches":{"total":12,"covered":12,"skipped":0,"pct":100}}
,"C:\\Users\\USER\\Documents\\movil-dev\\Movil-Dev\\frontend\\src\\hooks\\useAsyncAction.js": {"lines":{"total":31,"covered":31,"skipped":0,"pct":100},"functions":{"total":3,"covered":3,"skipped":0,"pct":100},"statements":{"total":31,"covered":31,"skipped":0,"pct":100},"branches":{"total":5,"covered":4,"skipped":0,"pct":80}}
,"C:\\Users\\USER\\Documents\\movil-dev\\Movil-Dev\\frontend\\src\\hooks\\useAuthValidation.js": {"lines":{"total":115,"covered":115,"skipped":0,"pct":100},"functions":{"total":12,"covered":12,"skipped":0,"pct":100},"statements":{"total":115,"covered":115,"skipped":0,"pct":100},"branches":{"total":32,"covered":31,"skipped":0,"pct":96.87}}
,"C:\\Users\\USER\\Documents\\movil-dev\\Movil-Dev\\frontend\\src\\utils\\formatters.js": {"lines":{"total":11,"covered":11,"skipped":0,"pct":100},"functions":{"total":1,"covered":1,"skipped":0,"pct":100},"statements":{"total":11,"covered":11,"skipped":0,"pct":100},"branches":{"total":2,"covered":2,"skipped":0,"pct":100}}
}
